-------------------------------------------------------------------------------
Test set: TestSuite
-------------------------------------------------------------------------------
Tests run: 3, Failures: 1, Errors: 0, Skipped: 0, Time elapsed: 21.209 s <<< FAILURE! - in TestSuite
cucumberOptions.TestNGTestRunner.runScenario["Search experience for product search in both Home page and Offers page", "Search and place the order for products"](3)  Time elapsed: 19.037 s  <<< FAILURE!
java.lang.AssertionError: expected [Beetroot] but found [No data]

